#
# There is insufficient memory for the Java Runtime Environment to continue.
# Native memory allocation (mmap) failed to map 65011712 bytes for committing reserved memory.
# Possible reasons:
#   The system is out of physical RAM or swap space
#   In 32 bit mode, the process size limit was hit
# Possible solutions:
#   Reduce memory load on the system
#   Increase physical memory or swap space
#   Check if swap backing store is full
#   Use 64 bit Java on a 64 bit OS
#   Decrease Java heap size (-Xmx/-Xms)
#   Decrease number of Java threads
#   Decrease Java thread stack sizes (-Xss)
#   Set larger code cache with -XX:ReservedCodeCacheSize=
# This output file may be truncated or incomplete.
#
#  Out of Memory Error (os_linux.cpp:2671), pid=6198, tid=139698843412224
#
# JRE version: Java(TM) SE Runtime Environment (8.0_31-b13) (build 1.8.0_31-b13)
# Java VM: Java HotSpot(TM) 64-Bit Server VM (25.31-b07 mixed mode linux-amd64 compressed oops)
# Failed to write core dump. Core dumps have been disabled. To enable core dumping, try "ulimit -c unlimited" before starting Java again
#

---------------  T H R E A D  ---------------

Current thread (0x00007f0e4813a000):  VMThread [stack: 0x00007f0e2bdfe000,0x00007f0e2beff000] [id=6212]

Stack: [0x00007f0e2bdfe000,0x00007f0e2beff000],  sp=0x00007f0e2befd1f0,  free space=1020k
Native frames: (J=compiled Java code, j=interpreted, Vv=VM code, C=native code)
V  [libjvm.so+0xa79e0a]  VMError::report_and_die()+0x2ca
V  [libjvm.so+0x4e57bb]  report_vm_out_of_memory(char const*, int, unsigned long, VMErrorType, char const*)+0x8b
V  [libjvm.so+0x8e5a23]  os::Linux::commit_memory_impl(char*, unsigned long, bool)+0x103
V  [libjvm.so+0x8e5f79]  os::pd_commit_memory(char*, unsigned long, unsigned long, bool)+0x29
V  [libjvm.so+0x8dfc4a]  os::commit_memory(char*, unsigned long, unsigned long, bool)+0x2a
V  [libjvm.so+0x9502f3]  PSVirtualSpace::expand_by(unsigned long)+0x53
V  [libjvm.so+0x9516f8]  PSYoungGen::resize_generation(unsigned long, unsigned long)+0xf8
V  [libjvm.so+0x950852]  PSYoungGen::resize(unsigned long, unsigned long)+0x22
V  [libjvm.so+0x94db33]  PSScavenge::invoke_no_policy()+0xf53
V  [libjvm.so+0x94e2b1]  PSScavenge::invoke()+0x41
V  [libjvm.so+0x907f90]  ParallelScavengeHeap::failed_mem_allocate(unsigned long)+0x70
V  [libjvm.so+0xa7b487]  VM_ParallelGCFailedAllocation::doit()+0x97
V  [libjvm.so+0xa82ba5]  VM_Operation::evaluate()+0x55
V  [libjvm.so+0xa80f7a]  VMThread::evaluate_operation(VM_Operation*)+0xba
V  [libjvm.so+0xa812fe]  VMThread::loop()+0x1ce
V  [libjvm.so+0xa81770]  VMThread::run()+0x70
V  [libjvm.so+0x8e8158]  java_start(Thread*)+0x108

VM_Operation (0x00007f0e51d16030): ParallelGCFailedAllocation, mode: safepoint, requested by thread 0x00007f0e48007800


---------------  P R O C E S S  ---------------

Java Threads: ( => current thread )
  0x00007f0e48195800 JavaThread "Service Thread" daemon [_thread_blocked, id=6219, stack(0x00007f0e2b42e000,0x00007f0e2b52f000)]
  0x00007f0e48175000 JavaThread "C1 CompilerThread2" daemon [_thread_blocked, id=6218, stack(0x00007f0e2b52f000,0x00007f0e2b630000)]
  0x00007f0e48173800 JavaThread "C2 CompilerThread1" daemon [_thread_blocked, id=6217, stack(0x00007f0e2b630000,0x00007f0e2b731000)]
  0x00007f0e48170800 JavaThread "C2 CompilerThread0" daemon [_thread_blocked, id=6216, stack(0x00007f0e2b731000,0x00007f0e2b832000)]
  0x00007f0e4816e800 JavaThread "Signal Dispatcher" daemon [_thread_blocked, id=6215, stack(0x00007f0e2b832000,0x00007f0e2b933000)]
  0x00007f0e48141800 JavaThread "Finalizer" daemon [_thread_blocked, id=6214, stack(0x00007f0e2bbfc000,0x00007f0e2bcfd000)]
  0x00007f0e4813f800 JavaThread "Reference Handler" daemon [_thread_blocked, id=6213, stack(0x00007f0e2bcfd000,0x00007f0e2bdfe000)]
  0x00007f0e48007800 JavaThread "main" [_thread_blocked, id=6207, stack(0x00007f0e51c17000,0x00007f0e51d18000)]

Other Threads:
=>0x00007f0e4813a000 VMThread [stack: 0x00007f0e2bdfe000,0x00007f0e2beff000] [id=6212]
  0x00007f0e48197800 WatcherThread [stack: 0x00007f0e2b32d000,0x00007f0e2b42e000] [id=6220]

VM state:at safepoint (normal execution)

VM Mutex/Monitor currently owned by a thread:  ([mutex/lock_event])
[0x00007f0e480061a0] Threads_lock - owner thread: 0x00007f0e4813a000
[0x00007f0e480066a0] Heap_lock - owner thread: 0x00007f0e48007800

Heap:
 PSYoungGen      total 68608K, used 5114K [0x00000000eab00000, 0x00000000ef300000, 0x0000000100000000)
  eden space 63488K, 0% used [0x00000000eab00000,0x00000000eab00000,0x00000000ee900000)
  from space 5120K, 99% used [0x00000000ee900000,0x00000000eedfea98,0x00000000eee00000)
  to   space 5120K, 0% used [0x00000000eee00000,0x00000000eee00000,0x00000000ef300000)
 ParOldGen       total 84992K, used 21712K [0x00000000c0000000, 0x00000000c5300000, 0x00000000eab00000)
  object space 84992K, 25% used [0x00000000c0000000,0x00000000c15341c0,0x00000000c5300000)
 Metaspace       used 7065K, capacity 7448K, committed 7680K, reserved 1056768K
  class space    used 700K, capacity 720K, committed 768K, reserved 1048576K

Card table byte_map: [0x00007f0e4f079000,0x00007f0e4f27a000] byte_map_base: 0x00007f0e4ea79000

Marking Bits: (ParMarkBitMap*) 0x00007f0e510f92a0
 Begin Bits: [0x00007f0e4cb1f000, 0x00007f0e4db1f000)
 End Bits:   [0x00007f0e4db1f000, 0x00007f0e4eb1f000)

Polling page: 0x00007f0e51d40000

CodeCache: size=245760Kb used=6499Kb max_used=6519Kb free=239260Kb
 bounds [0x00007f0e39000000, 0x00007f0e39670000, 0x00007f0e48000000]
 total_blobs=2308 nmethods=2019 adapters=204
 compilation: enabled

Compilation events (10 events):
Event: 12.034 Thread 0x00007f0e48173800 1999       4       com.android.dx.merge.IndexMap::adjust (36 bytes)
Event: 12.037 Thread 0x00007f0e48170800 nmethod 2033 0x00007f0e39656750 code [0x00007f0e39656920, 0x00007f0e396571b0]
Event: 12.037 Thread 0x00007f0e48173800 nmethod 1999 0x00007f0e3964dd50 code [0x00007f0e3964dec0, 0x00007f0e3964e0f8]
Event: 12.120 Thread 0x00007f0e48170800 2051       4       sun.security.provider.DigestBase::engineUpdate (188 bytes)
Event: 12.663 Thread 0x00007f0e48175000 2052       3       java.util.regex.Pattern$Curly::match (86 bytes)
Event: 18.148 Thread 0x00007f0e48173800 2055 %     4       com.android.dx.merge.DexMerger$IdMerger::mergeSorted @ 125 (381 bytes)
Event: 24.246 Thread 0x00007f0e48175000 nmethod 2052 0x00007f0e3964ca10 code [0x00007f0e3964cbc0, 0x00007f0e3964d1b8]
Event: 37.227 Thread 0x00007f0e48175000 2071       2       java.util.HashMap$TreeNode::rotateLeft (91 bytes)
Event: 90.428 Thread 0x00007f0e48175000 nmethod 2071 0x00007f0e3964c510 code [0x00007f0e3964c680, 0x00007f0e3964c8d0]
Event: 172.218 Thread 0x00007f0e48175000 2077       1       com.android.dx.io.instructions.FourRegisterDecodedInstruction::getRegisterCount (2 bytes)

GC Heap History (5 events):
Event: 1.960 GC heap before
{Heap before GC invocations=1 (full 0):
 PSYoungGen      total 36864K, used 31212K [0x00000000eab00000, 0x00000000ed400000, 0x0000000100000000)
  eden space 31744K, 98% used [0x00000000eab00000,0x00000000ec97b030,0x00000000eca00000)
  from space 5120K, 0% used [0x00000000ecf00000,0x00000000ecf00000,0x00000000ed400000)
  to   space 5120K, 0% used [0x00000000eca00000,0x00000000eca00000,0x00000000ecf00000)
 ParOldGen       total 84992K, used 0K [0x00000000c0000000, 0x00000000c5300000, 0x00000000eab00000)
  object space 84992K, 0% used [0x00000000c0000000,0x00000000c0000000,0x00000000c5300000)
 Metaspace       used 5029K, capacity 6416K, committed 6528K, reserved 1056768K
  class space    used 499K, capacity 584K, committed 640K, reserved 1048576K
Event: 2.201 GC heap after
Heap after GC invocations=1 (full 0):
 PSYoungGen      total 36864K, used 5112K [0x00000000eab00000, 0x00000000ef300000, 0x0000000100000000)
  eden space 31744K, 0% used [0x00000000eab00000,0x00000000eab00000,0x00000000eca00000)
  from space 5120K, 99% used [0x00000000eca00000,0x00000000ecefe218,0x00000000ecf00000)
  to   space 5120K, 0% used [0x00000000eee00000,0x00000000eee00000,0x00000000ef300000)
 ParOldGen       total 84992K, used 7289K [0x00000000c0000000, 0x00000000c5300000, 0x00000000eab00000)
  object space 84992K, 8% used [0x00000000c0000000,0x00000000c071e600,0x00000000c5300000)
 Metaspace       used 5029K, capacity 6416K, committed 6528K, reserved 1056768K
  class space    used 499K, capacity 584K, committed 640K, reserved 1048576K
}
Event: 11.698 GC heap before
{Heap before GC invocations=2 (full 0):
 PSYoungGen      total 36864K, used 36856K [0x00000000eab00000, 0x00000000ef300000, 0x0000000100000000)
  eden space 31744K, 100% used [0x00000000eab00000,0x00000000eca00000,0x00000000eca00000)
  from space 5120K, 99% used [0x00000000eca00000,0x00000000ecefe218,0x00000000ecf00000)
  to   space 5120K, 0% used [0x00000000eee00000,0x00000000eee00000,0x00000000ef300000)
 ParOldGen       total 84992K, used 7289K [0x00000000c0000000, 0x00000000c5300000, 0x00000000eab00000)
  object space 84992K, 8% used [0x00000000c0000000,0x00000000c071e600,0x00000000c5300000)
 Metaspace       used 7020K, capacity 7448K, committed 7680K, reserved 1056768K
  class space    used 699K, capacity 720K, committed 768K, reserved 1048576K
Event: 11.726 GC heap after
Heap after GC invocations=2 (full 0):
 PSYoungGen      total 68608K, used 5114K [0x00000000eab00000, 0x00000000ef300000, 0x0000000100000000)
  eden space 63488K, 0% used [0x00000000eab00000,0x00000000eab00000,0x00000000ee900000)
  from space 5120K, 99% used [0x00000000eee00000,0x00000000ef2fea98,0x00000000ef300000)
  to   space 5120K, 0% used [0x00000000ee900000,0x00000000ee900000,0x00000000eee00000)
 ParOldGen       total 84992K, used 16024K [0x00000000c0000000, 0x00000000c5300000, 0x00000000eab00000)
  object space 84992K, 18% used [0x00000000c0000000,0x00000000c0fa60d8,0x00000000c5300000)
 Metaspace       used 7020K, capacity 7448K, committed 7680K, reserved 1056768K
  class space    used 699K, capacity 720K, committed 768K, reserved 1048576K
}
Event: 207.402 GC heap before
{Heap before GC invocations=3 (full 0):
 PSYoungGen      total 68608K, used 68602K [0x00000000eab00000, 0x00000000ef300000, 0x0000000100000000)
  eden space 63488K, 100% used [0x00000000eab00000,0x00000000ee900000,0x00000000ee900000)
  from space 5120K, 99% used [0x00000000eee00000,0x00000000ef2fea98,0x00000000ef300000)
  to   space 5120K, 0% used [0x00000000ee900000,0x00000000ee900000,0x00000000eee00000)
 ParOldGen       total 84992K, used 16024K [0x00000000c0000000, 0x00000000c5300000, 0x00000000eab00000)
  object space 84992K, 18% used [0x00000000c0000000,0x00000000c0fa60d8,0x00000000c5300000)
 Metaspace       used 7065K, capacity 7448K, committed 7680K, reserved 1056768K
  class space    used 700K, capacity 720K, committed 768K, reserved 1048576K

Deoptimization events (10 events):
Event: 9.481 Thread 0x00007f0e48007800 Uncommon trap: reason=class_check action=maybe_recompile pc=0x00007f0e3948bdf8 method=com.android.dex.Leb128.writeUnsignedLeb128(Lcom/android/dex/util/ByteOutput;I)V @ 40
Event: 9.481 Thread 0x00007f0e48007800 Uncommon trap: reason=class_check action=maybe_recompile pc=0x00007f0e3948bdf8 method=com.android.dex.Leb128.writeUnsignedLeb128(Lcom/android/dex/util/ByteOutput;I)V @ 40
Event: 9.481 Thread 0x00007f0e48007800 Uncommon trap: reason=class_check action=maybe_recompile pc=0x00007f0e3948bdf8 method=com.android.dex.Leb128.writeUnsignedLeb128(Lcom/android/dex/util/ByteOutput;I)V @ 40
Event: 9.859 Thread 0x00007f0e48007800 Uncommon trap: reason=predicate action=maybe_recompile pc=0x00007f0e394cb01c method=com.android.dex.Leb128.writeUnsignedLeb128(Lcom/android/dex/util/ByteOutput;I)V @ 9
Event: 11.372 Thread 0x00007f0e48007800 Uncommon trap: reason=predicate action=maybe_recompile pc=0x00007f0e39527558 method=com.android.dex.Leb128.readUnsignedLeb128(Lcom/android/dex/util/ByteInput;)I @ 41
Event: 11.502 Thread 0x00007f0e48007800 Uncommon trap: reason=unreached action=reinterpret pc=0x00007f0e394c46b4 method=java.util.HashMap.putVal(ILjava/lang/Object;Ljava/lang/Object;ZZ)Ljava/lang/Object; @ 109
Event: 11.504 Thread 0x00007f0e48007800 Uncommon trap: reason=unreached action=reinterpret pc=0x00007f0e393e5bc0 method=java.util.HashMap.getNode(ILjava/lang/Object;)Ljava/util/HashMap$Node; @ 84
Event: 11.504 Thread 0x00007f0e48007800 Uncommon trap: reason=unreached action=reinterpret pc=0x00007f0e393cb818 method=java.util.HashMap.getNode(ILjava/lang/Object;)Ljava/util/HashMap$Node; @ 84
Event: 11.659 Thread 0x00007f0e48007800 Uncommon trap: reason=unreached action=reinterpret pc=0x00007f0e394c774c method=java.util.HashMap.putVal(ILjava/lang/Object;Ljava/lang/Object;ZZ)Ljava/lang/Object; @ 109
Event: 11.869 Thread 0x00007f0e48007800 Uncommon trap: reason=unloaded action=reinterpret pc=0x00007f0e39634b1c method=com.android.dx.merge.IndexMap$EncodedValueTransformer.transform(Lcom/android/dex/EncodedValueReader;)V @ 263

Internal exceptions (10 events):
Event: 10.063 Thread 0x00007f0e48007800 Exception <a 'java/security/PrivilegedActionException'> (0x00000000eb1e0608) thrown at [/HUDSON/workspace/8-2-build-linux-amd64/jdk8u31/2394/hotspot/src/share/vm/prims/jvm.cpp, line 1312]
Event: 10.065 Thread 0x00007f0e48007800 Exception <a 'java/security/PrivilegedActionException'> (0x00000000eb227cc8) thrown at [/HUDSON/workspace/8-2-build-linux-amd64/jdk8u31/2394/hotspot/src/share/vm/prims/jvm.cpp, line 1312]
Event: 10.065 Thread 0x00007f0e48007800 Exception <a 'java/security/PrivilegedActionException'> (0x00000000eb22a2f0) thrown at [/HUDSON/workspace/8-2-build-linux-amd64/jdk8u31/2394/hotspot/src/share/vm/prims/jvm.cpp, line 1312]
Event: 11.082 Thread 0x00007f0e48007800 Exception <a 'java/security/PrivilegedActionException'> (0x00000000eb331fc8) thrown at [/HUDSON/workspace/8-2-build-linux-amd64/jdk8u31/2394/hotspot/src/share/vm/prims/jvm.cpp, line 1312]
Event: 11.082 Thread 0x00007f0e48007800 Exception <a 'java/security/PrivilegedActionException'> (0x00000000eb332310) thrown at [/HUDSON/workspace/8-2-build-linux-amd64/jdk8u31/2394/hotspot/src/share/vm/prims/jvm.cpp, line 1312]
Event: 11.083 Thread 0x00007f0e48007800 Exception <a 'java/security/PrivilegedActionException'> (0x00000000eb3349c0) thrown at [/HUDSON/workspace/8-2-build-linux-amd64/jdk8u31/2394/hotspot/src/share/vm/prims/jvm.cpp, line 1312]
Event: 11.083 Thread 0x00007f0e48007800 Exception <a 'java/security/PrivilegedActionException'> (0x00000000eb334d08) thrown at [/HUDSON/workspace/8-2-build-linux-amd64/jdk8u31/2394/hotspot/src/share/vm/prims/jvm.cpp, line 1312]
Event: 11.274 Thread 0x00007f0e48007800 Exception <a 'java/security/PrivilegedActionException'> (0x00000000eb348528) thrown at [/HUDSON/workspace/8-2-build-linux-amd64/jdk8u31/2394/hotspot/src/share/vm/prims/jvm.cpp, line 1312]
Event: 11.274 Thread 0x00007f0e48007800 Exception <a 'java/security/PrivilegedActionException'> (0x00000000eb348e08) thrown at [/HUDSON/workspace/8-2-build-linux-amd64/jdk8u31/2394/hotspot/src/share/vm/prims/jvm.cpp, line 1312]
Event: 11.937 Thread 0x00007f0e48007800 Exception <a 'java/security/PrivilegedActionException'> (0x00000000ece159c0) thrown at [/HUDSON/workspace/8-2-build-linux-amd64/jdk8u31/2394/hotspot/src/share/vm/prims/jvm.cpp, line 1312]

Events (10 events):
Event: 11.869 Thread 0x00007f0e48007800 DEOPT UNPACKING pc=0x00007f0e39004f69 sp=0x00007f0e51d16228 mode 2
Event: 11.937 loading class com/android/dex/Dex$1
Event: 11.937 loading class com/android/dex/Dex$1 done
Event: 11.975 Thread 0x00007f0e48007800 DEOPT PACKING pc=0x00007f0e395b70d3 sp=0x00007f0e51d163e0
Event: 11.984 Thread 0x00007f0e48007800 DEOPT UNPACKING pc=0x00007f0e39047373 sp=0x00007f0e51d16178 mode 0
Event: 12.120 Thread 0x00007f0e48007800 DEOPT PACKING pc=0x00007f0e395b70d3 sp=0x00007f0e51d163e0
Event: 12.120 Thread 0x00007f0e48007800 DEOPT UNPACKING pc=0x00007f0e39047373 sp=0x00007f0e51d16178 mode 0
Event: 12.123 Thread 0x00007f0e48007800 DEOPT PACKING pc=0x00007f0e395b70d3 sp=0x00007f0e51d163e0
Event: 12.123 Thread 0x00007f0e48007800 DEOPT UNPACKING pc=0x00007f0e39047373 sp=0x00007f0e51d16178 mode 0
Event: 94.767 Executing VM operation: ParallelGCFailedAllocation


Dynamic libraries:
00400000-00401000 r-xp 00000000 08:01 422077                             /usr/lib/jvm/java-8-oracle/jre/bin/java
00600000-00601000 rw-p 00000000 08:01 422077                             /usr/lib/jvm/java-8-oracle/jre/bin/java
0073a000-0075b000 rw-p 00000000 00:00 0                                  [heap]
c0000000-c5300000 rw-p 00000000 00:00 0 
c5300000-eab00000 ---p 00000000 00:00 0 
eab00000-ef300000 rw-p 00000000 00:00 0 
f3100000-100000000 ---p 00000000 00:00 0 
100000000-1000c0000 rw-p 00000000 00:00 0 
1000c0000-140000000 ---p 00000000 00:00 0 
7f0dfc000000-7f0dfc021000 rw-p 00000000 00:00 0 
7f0dfc021000-7f0e00000000 ---p 00000000 00:00 0 
7f0e04000000-7f0e04518000 rw-p 00000000 00:00 0 
7f0e04518000-7f0e08000000 ---p 00000000 00:00 0 
7f0e08000000-7f0e08021000 rw-p 00000000 00:00 0 
7f0e08021000-7f0e0c000000 ---p 00000000 00:00 0 
7f0e0c000000-7f0e0cb01000 rw-p 00000000 00:00 0 
7f0e0cb01000-7f0e10000000 ---p 00000000 00:00 0 
7f0e10000000-7f0e10786000 rw-p 00000000 00:00 0 
7f0e10786000-7f0e14000000 ---p 00000000 00:00 0 
7f0e14000000-7f0e14021000 rw-p 00000000 00:00 0 
7f0e14021000-7f0e18000000 ---p 00000000 00:00 0 
7f0e18000000-7f0e18021000 rw-p 00000000 00:00 0 
7f0e18021000-7f0e1c000000 ---p 00000000 00:00 0 
7f0e1c000000-7f0e1c284000 rw-p 00000000 00:00 0 
7f0e1c284000-7f0e20000000 ---p 00000000 00:00 0 
7f0e20000000-7f0e20021000 rw-p 00000000 00:00 0 
7f0e20021000-7f0e24000000 ---p 00000000 00:00 0 
7f0e24000000-7f0e24021000 rw-p 00000000 00:00 0 
7f0e24021000-7f0e28000000 ---p 00000000 00:00 0 
7f0e2b32d000-7f0e2b32e000 ---p 00000000 00:00 0 
7f0e2b32e000-7f0e2b42e000 rw-p 00000000 00:00 0                          [stack:6220]
7f0e2b42e000-7f0e2b431000 ---p 00000000 00:00 0 
7f0e2b431000-7f0e2b52f000 rw-p 00000000 00:00 0                          [stack:6219]
7f0e2b52f000-7f0e2b532000 ---p 00000000 00:00 0 
7f0e2b532000-7f0e2b630000 rw-p 00000000 00:00 0                          [stack:6218]
7f0e2b630000-7f0e2b633000 ---p 00000000 00:00 0 
7f0e2b633000-7f0e2b731000 rw-p 00000000 00:00 0                          [stack:6217]
7f0e2b731000-7f0e2b734000 ---p 00000000 00:00 0 
7f0e2b734000-7f0e2b832000 rw-p 00000000 00:00 0                          [stack:6216]
7f0e2b832000-7f0e2b835000 ---p 00000000 00:00 0 
7f0e2b835000-7f0e2b933000 rw-p 00000000 00:00 0                          [stack:6215]
7f0e2b933000-7f0e2bbfc000 r--p 00000000 08:01 401172                     /usr/lib/locale/locale-archive
7f0e2bbfc000-7f0e2bbff000 ---p 00000000 00:00 0 
7f0e2bbff000-7f0e2bcfd000 rw-p 00000000 00:00 0                          [stack:6214]
7f0e2bcfd000-7f0e2bd00000 ---p 00000000 00:00 0 
7f0e2bd00000-7f0e2bdfe000 rw-p 00000000 00:00 0                          [stack:6213]
7f0e2bdfe000-7f0e2bdff000 ---p 00000000 00:00 0 
7f0e2bdff000-7f0e2c000000 rw-p 00000000 00:00 0                          [stack:6212]
7f0e2c000000-7f0e2c021000 rw-p 00000000 00:00 0 
7f0e2c021000-7f0e30000000 ---p 00000000 00:00 0 
7f0e30000000-7f0e30021000 rw-p 00000000 00:00 0 
7f0e30021000-7f0e34000000 ---p 00000000 00:00 0 
7f0e34000000-7f0e34021000 rw-p 00000000 00:00 0 
7f0e34021000-7f0e38000000 ---p 00000000 00:00 0 
7f0e3801c000-7f0e38e2a000 rw-p 00000000 00:00 0 
7f0e38e2a000-7f0e39000000 r--s 03cae000 08:01 422416                     /usr/lib/jvm/java-8-oracle/jre/lib/rt.jar
7f0e39000000-7f0e39670000 rwxp 00000000 00:00 0 
7f0e39670000-7f0e48000000 ---p 00000000 00:00 0 
7f0e48000000-7f0e48450000 rw-p 00000000 00:00 0 
7f0e48450000-7f0e4c000000 ---p 00000000 00:00 0 
7f0e4c05a000-7f0e4c7df000 rw-p 00000000 00:00 0 
7f0e4c7df000-7f0e4c91f000 ---p 00000000 00:00 0 
7f0e4c91f000-7f0e4eb1f000 rw-p 00000000 00:00 0 
7f0e4eb1f000-7f0e4eb20000 ---p 00000000 00:00 0 
7f0e4eb20000-7f0e4ec20000 rw-p 00000000 00:00 0                          [stack:6211]
7f0e4ec20000-7f0e4ec21000 ---p 00000000 00:00 0 
7f0e4ec21000-7f0e4ed21000 rw-p 00000000 00:00 0                          [stack:6210]
7f0e4ed21000-7f0e4ed22000 ---p 00000000 00:00 0 
7f0e4ed22000-7f0e4ee22000 rw-p 00000000 00:00 0                          [stack:6209]
7f0e4ee22000-7f0e4ee23000 ---p 00000000 00:00 0 
7f0e4ee23000-7f0e4ef4d000 rw-p 00000000 00:00 0                          [stack:6208]
7f0e4ef4d000-7f0e4f079000 ---p 00000000 00:00 0 
7f0e4f079000-7f0e4f0a3000 rw-p 00000000 00:00 0 
7f0e4f0a3000-7f0e4f1ce000 ---p 00000000 00:00 0 
7f0e4f1ce000-7f0e4f1f3000 rw-p 00000000 00:00 0 
7f0e4f1f3000-7f0e4f279000 ---p 00000000 00:00 0 
7f0e4f279000-7f0e4f294000 rw-p 00000000 00:00 0 
7f0e4f294000-7f0e4f63a000 ---p 00000000 00:00 0 
7f0e4f63a000-7f0e4f654000 r-xp 00000000 08:01 422338                     /usr/lib/jvm/java-8-oracle/jre/lib/amd64/libzip.so
7f0e4f654000-7f0e4f854000 ---p 0001a000 08:01 422338                     /usr/lib/jvm/java-8-oracle/jre/lib/amd64/libzip.so
7f0e4f854000-7f0e4f855000 rw-p 0001a000 08:01 422338                     /usr/lib/jvm/java-8-oracle/jre/lib/amd64/libzip.so
7f0e4f855000-7f0e4f87f000 r-xp 00000000 08:01 422327                     /usr/lib/jvm/java-8-oracle/jre/lib/amd64/libjava.so
7f0e4f87f000-7f0e4fa7f000 ---p 0002a000 08:01 422327                     /usr/lib/jvm/java-8-oracle/jre/lib/amd64/libjava.so
7f0e4fa7f000-7f0e4fa81000 rw-p 0002a000 08:01 422327                     /usr/lib/jvm/java-8-oracle/jre/lib/amd64/libjava.so
7f0e4fa81000-7f0e4fa8e000 r-xp 00000000 08:01 422383                     /usr/lib/jvm/java-8-oracle/jre/lib/amd64/libverify.so
7f0e4fa8e000-7f0e4fc8e000 ---p 0000d000 08:01 422383                     /usr/lib/jvm/java-8-oracle/jre/lib/amd64/libverify.so
7f0e4fc8e000-7f0e4fc90000 rw-p 0000d000 08:01 422383                     /usr/lib/jvm/java-8-oracle/jre/lib/amd64/libverify.so
7f0e4fc90000-7f0e4fc97000 r-xp 00000000 08:01 1968398                    /lib/x86_64-linux-gnu/librt-2.19.so
7f0e4fc97000-7f0e4fe96000 ---p 00007000 08:01 1968398                    /lib/x86_64-linux-gnu/librt-2.19.so
7f0e4fe96000-7f0e4fe97000 r--p 00006000 08:01 1968398                    /lib/x86_64-linux-gnu/librt-2.19.so
7f0e4fe97000-7f0e4fe98000 rw-p 00007000 08:01 1968398                    /lib/x86_64-linux-gnu/librt-2.19.so
7f0e4fe98000-7f0e4ff9d000 r-xp 00000000 08:01 1968412                    /lib/x86_64-linux-gnu/libm-2.19.so
7f0e4ff9d000-7f0e5019c000 ---p 00105000 08:01 1968412                    /lib/x86_64-linux-gnu/libm-2.19.so
7f0e5019c000-7f0e5019d000 r--p 00104000 08:01 1968412                    /lib/x86_64-linux-gnu/libm-2.19.so
7f0e5019d000-7f0e5019e000 rw-p 00105000 08:01 1968412                    /lib/x86_64-linux-gnu/libm-2.19.so
7f0e5019e000-7f0e50e0c000 r-xp 00000000 08:01 422376                     /usr/lib/jvm/java-8-oracle/jre/lib/amd64/server/libjvm.so
7f0e50e0c000-7f0e5100b000 ---p 00c6e000 08:01 422376                     /usr/lib/jvm/java-8-oracle/jre/lib/amd64/server/libjvm.so
7f0e5100b000-7f0e510e1000 rw-p 00c6d000 08:01 422376                     /usr/lib/jvm/java-8-oracle/jre/lib/amd64/server/libjvm.so
7f0e510e1000-7f0e51124000 rw-p 00000000 00:00 0 
7f0e51124000-7f0e512df000 r-xp 00000000 08:01 1968396                    /lib/x86_64-linux-gnu/libc-2.19.so
7f0e512df000-7f0e514df000 ---p 001bb000 08:01 1968396                    /lib/x86_64-linux-gnu/libc-2.19.so
7f0e514df000-7f0e514e3000 r--p 001bb000 08:01 1968396                    /lib/x86_64-linux-gnu/libc-2.19.so
7f0e514e3000-7f0e514e5000 rw-p 001bf000 08:01 1968396                    /lib/x86_64-linux-gnu/libc-2.19.so
7f0e514e5000-7f0e514ea000 rw-p 00000000 00:00 0 
7f0e514ea000-7f0e514ed000 r-xp 00000000 08:01 1968404                    /lib/x86_64-linux-gnu/libdl-2.19.so
7f0e514ed000-7f0e516ec000 ---p 00003000 08:01 1968404                    /lib/x86_64-linux-gnu/libdl-2.19.so
7f0e516ec000-7f0e516ed000 r--p 00002000 08:01 1968404                    /lib/x86_64-linux-gnu/libdl-2.19.so
7f0e516ed000-7f0e516ee000 rw-p 00003000 08:01 1968404                    /lib/x86_64-linux-gnu/libdl-2.19.so
7f0e516ee000-7f0e51703000 r-xp 00000000 08:01 422354                     /usr/lib/jvm/java-8-oracle/jre/lib/amd64/jli/libjli.so
7f0e51703000-7f0e51902000 ---p 00015000 08:01 422354                     /usr/lib/jvm/java-8-oracle/jre/lib/amd64/jli/libjli.so
7f0e51902000-7f0e51903000 rw-p 00014000 08:01 422354                     /usr/lib/jvm/java-8-oracle/jre/lib/amd64/jli/libjli.so
7f0e51903000-7f0e5191c000 r-xp 00000000 08:01 1968429                    /lib/x86_64-linux-gnu/libpthread-2.19.so
7f0e5191c000-7f0e51b1b000 ---p 00019000 08:01 1968429                    /lib/x86_64-linux-gnu/libpthread-2.19.so
7f0e51b1b000-7f0e51b1c000 r--p 00018000 08:01 1968429                    /lib/x86_64-linux-gnu/libpthread-2.19.so
7f0e51b1c000-7f0e51b1d000 rw-p 00019000 08:01 1968429                    /lib/x86_64-linux-gnu/libpthread-2.19.so
7f0e51b1d000-7f0e51b21000 rw-p 00000000 00:00 0 
7f0e51b21000-7f0e51b44000 r-xp 00000000 08:01 1968392                    /lib/x86_64-linux-gnu/ld-2.19.so
7f0e51b51000-7f0e51b6d000 r--s 00393000 08:01 422139                     /usr/lib/jvm/java-8-oracle/jre/lib/ext/cldrdata.jar
7f0e51b6d000-7f0e51b78000 r--s 00116000 08:01 422137                     /usr/lib/jvm/java-8-oracle/jre/lib/ext/localedata.jar
7f0e51b78000-7f0e51b87000 r--s 000dd000 08:01 133592                     /home/seshagiri/installed_apps/adt-bundle-linux-x86_64-20140702/sdk/build-tools/21.1.2/lib/dx.jar
7f0e51b87000-7f0e51be2000 rw-p 00000000 00:00 0 
7f0e51be2000-7f0e51c17000 r--s 00000000 08:01 921921                     /var/cache/nscd/passwd
7f0e51c17000-7f0e51c1a000 ---p 00000000 00:00 0 
7f0e51c1a000-7f0e51d1c000 rw-p 00000000 00:00 0                          [stack:6207]
7f0e51d1e000-7f0e51d1f000 rw-p 00000000 00:00 0 
7f0e51d1f000-7f0e51d23000 r--s 00094000 08:01 422101                     /usr/lib/jvm/java-8-oracle/jre/lib/jsse.jar
7f0e51d23000-7f0e51d37000 rw-p 00000000 00:00 0 
7f0e51d37000-7f0e51d3f000 rw-s 00000000 08:01 2621690                    /tmp/hsperfdata_seshagiri/6198
7f0e51d3f000-7f0e51d40000 rw-p 00000000 00:00 0 
7f0e51d40000-7f0e51d41000 ---p 00000000 00:00 0 
7f0e51d41000-7f0e51d43000 rw-p 00000000 00:00 0 
7f0e51d43000-7f0e51d44000 r--p 00022000 08:01 1968392                    /lib/x86_64-linux-gnu/ld-2.19.so
7f0e51d44000-7f0e51d45000 rw-p 00023000 08:01 1968392                    /lib/x86_64-linux-gnu/ld-2.19.so
7f0e51d45000-7f0e51d46000 rw-p 00000000 00:00 0 
7fff4c9e9000-7fff4ca0a000 rw-p 00000000 00:00 0                          [stack]
7fff4cbfe000-7fff4cc00000 r-xp 00000000 00:00 0                          [vdso]
ffffffffff600000-ffffffffff601000 r-xp 00000000 00:00 0                  [vsyscall]

VM Arguments:
jvm_args: -Xmx1024M 
java_command: /home/seshagiri/installed_apps/adt-bundle-linux-x86_64-20140702/sdk/build-tools/21.1.2/lib/dx.jar --dex --no-optimize --output /home/seshagiri/study/Community_App/AndroidApp/CommunityOrganizer2/app/build/intermediates/dex/debug --input-list=/home/seshagiri/study/Community_App/AndroidApp/CommunityOrganizer2/app/build/intermediates/tmp/dex/debug/inputList.txt
java_class_path (initial): /home/seshagiri/installed_apps/adt-bundle-linux-x86_64-20140702/sdk/build-tools/21.1.2/lib/dx.jar
Launcher Type: SUN_STANDARD

Environment Variables:
JAVA_HOME=/usr/lib/jvm/java-8-oracle
CLASSPATH=./../lib/bootstrap.jar:./../lib/extensions.jar:./../lib/util.jar:./../lib/jdom.jar:./../lib/log4j.jar:./../lib/trove4j.jar:./../lib/jna.jar:/usr/lib/jvm/java-8-oracle/lib/tools.jar
PATH=/usr/local/sbin:/usr/local/bin:/usr/sbin:/usr/bin:/sbin:/bin:/usr/games:/opt/msp430/bin:/opt/msp430/bin:/usr/local/sbin:/usr/local/bin:/usr/sbin:/usr/bin:/sbin:/bin:/usr/games:/home/seshagiri/installed_apps/adt-bundle-linux-x86_64-20140702/sdk/tools:/home/seshagiri/installed_apps/adt-bundle-linux-x86_64-20140702/sdk/platform-tools:/home/seshagiri/installed_apps/adt-bundle-linux-x86_64-20140702/eclipse
LD_LIBRARY_PATH=.:
SHELL=/usr/bin/zsh
DISPLAY=:0

Signal Handlers:
SIGSEGV: [libjvm.so+0xa7a650], sa_mask[0]=11111111011111111101111111111110, sa_flags=SA_RESTART|SA_SIGINFO
SIGBUS: [libjvm.so+0xa7a650], sa_mask[0]=11111111011111111101111111111110, sa_flags=SA_RESTART|SA_SIGINFO
SIGFPE: [libjvm.so+0x8e28f0], sa_mask[0]=11111111011111111101111111111110, sa_flags=SA_RESTART|SA_SIGINFO
SIGPIPE: [libjvm.so+0x8e28f0], sa_mask[0]=11111111011111111101111111111110, sa_flags=SA_RESTART|SA_SIGINFO
SIGXFSZ: [libjvm.so+0x8e28f0], sa_mask[0]=11111111011111111101111111111110, sa_flags=SA_RESTART|SA_SIGINFO
SIGILL: [libjvm.so+0x8e28f0], sa_mask[0]=11111111011111111101111111111110, sa_flags=SA_RESTART|SA_SIGINFO
SIGUSR1: SIG_DFL, sa_mask[0]=00000000000000000000000000000000, sa_flags=none
SIGUSR2: [libjvm.so+0x8e4120], sa_mask[0]=00100000000000000000000000000000, sa_flags=SA_RESTART|SA_SIGINFO
SIGHUP: [libjvm.so+0x8e54e0], sa_mask[0]=11111111011111111101111111111110, sa_flags=SA_RESTART|SA_SIGINFO
SIGINT: [libjvm.so+0x8e54e0], sa_mask[0]=11111111011111111101111111111110, sa_flags=SA_RESTART|SA_SIGINFO
SIGTERM: [libjvm.so+0x8e54e0], sa_mask[0]=11111111011111111101111111111110, sa_flags=SA_RESTART|SA_SIGINFO
SIGQUIT: [libjvm.so+0x8e54e0], sa_mask[0]=11111111011111111101111111111110, sa_flags=SA_RESTART|SA_SIGINFO


---------------  S Y S T E M  ---------------

OS:DISTRIB_ID=Ubuntu
DISTRIB_RELEASE=14.04
DISTRIB_CODENAME=trusty
DISTRIB_DESCRIPTION="Ubuntu 14.04.1 LTS"

uname:Linux 3.13.0-45-generic #74-Ubuntu SMP Tue Jan 13 19:36:28 UTC 2015 x86_64
libc:glibc 2.19 NPTL 2.19 
rlimit: STACK 8192k, CORE 0k, NPROC 62629, NOFILE 4096, AS infinity
load average:65.89 46.52 22.20

/proc/meminfo:
MemTotal:        8106996 kB
MemFree:          179740 kB
Buffers:            3064 kB
Cached:          2896308 kB
SwapCached:         5832 kB
Active:          6365224 kB
Inactive:        1275004 kB
Active(anon):    6363040 kB
Inactive(anon):  1238068 kB
Active(file):       2184 kB
Inactive(file):    36936 kB
Unevictable:          64 kB
Mlocked:              64 kB
SwapTotal:       2929660 kB
SwapFree:            472 kB
Dirty:               228 kB
Writeback:            16 kB
AnonPages:       4735856 kB
Mapped:          1260456 kB
Shmem:           2860280 kB
Slab:             135712 kB
SReclaimable:      86516 kB
SUnreclaim:        49196 kB
KernelStack:        5736 kB
PageTables:        55548 kB
NFS_Unstable:          0 kB
Bounce:                0 kB
WritebackTmp:          0 kB
CommitLimit:     6983156 kB
Committed_AS:   16473040 kB
VmallocTotal:   34359738367 kB
VmallocUsed:      554852 kB
VmallocChunk:   34359174612 kB
HardwareCorrupted:     0 kB
AnonHugePages:   2260992 kB
HugePages_Total:       0
HugePages_Free:        0
HugePages_Rsvd:        0
HugePages_Surp:        0
Hugepagesize:       2048 kB
DirectMap4k:       65856 kB
DirectMap2M:     1961984 kB
DirectMap1G:     6291456 kB


CPU:total 4 (2 cores per cpu, 2 threads per core) family 6 model 69 stepping 1, cmov, cx8, fxsr, mmx, sse, sse2, sse3, ssse3, sse4.1, sse4.2, popcnt, avx, avx2, aes, clmul, erms, lzcnt, ht, tsc, tscinvbit, bmi1, bmi2

/proc/cpuinfo:
processor	: 0
vendor_id	: GenuineIntel
cpu family	: 6
model		: 69
model name	: Intel(R) Core(TM) i5-4210U CPU @ 1.70GHz
stepping	: 1
microcode	: 0x17
cpu MHz		: 800.000
cache size	: 3072 KB
physical id	: 0
siblings	: 4
core id		: 0
cpu cores	: 2
apicid		: 0
initial apicid	: 0
fpu		: yes
fpu_exception	: yes
cpuid level	: 13
wp		: yes
flags		: fpu vme de pse tsc msr pae mce cx8 apic sep mtrr pge mca cmov pat pse36 clflush dts acpi mmx fxsr sse sse2 ss ht tm pbe syscall nx pdpe1gb rdtscp lm constant_tsc arch_perfmon pebs bts rep_good nopl xtopology nonstop_tsc aperfmperf eagerfpu pni pclmulqdq dtes64 monitor ds_cpl vmx est tm2 ssse3 fma cx16 xtpr pdcm pcid sse4_1 sse4_2 movbe popcnt tsc_deadline_timer aes xsave avx f16c rdrand lahf_lm abm ida arat epb xsaveopt pln pts dtherm tpr_shadow vnmi flexpriority ept vpid fsgsbase tsc_adjust bmi1 avx2 smep bmi2 erms invpcid
bogomips	: 4789.10
clflush size	: 64
cache_alignment	: 64
address sizes	: 39 bits physical, 48 bits virtual
power management:

processor	: 1
vendor_id	: GenuineIntel
cpu family	: 6
model		: 69
model name	: Intel(R) Core(TM) i5-4210U CPU @ 1.70GHz
stepping	: 1
microcode	: 0x17
cpu MHz		: 2400.000
cache size	: 3072 KB
physical id	: 0
siblings	: 4
core id		: 0
cpu cores	: 2
apicid		: 1
initial apicid	: 1
fpu		: yes
fpu_exception	: yes
cpuid level	: 13
wp		: yes
flags		: fpu vme de pse tsc msr pae mce cx8 apic sep mtrr pge mca cmov pat pse36 clflush dts acpi mmx fxsr sse sse2 ss ht tm pbe syscall nx pdpe1gb rdtscp lm constant_tsc arch_perfmon pebs bts rep_good nopl xtopology nonstop_tsc aperfmperf eagerfpu pni pclmulqdq dtes64 monitor ds_cpl vmx est tm2 ssse3 fma cx16 xtpr pdcm pcid sse4_1 sse4_2 movbe popcnt tsc_deadline_timer aes xsave avx f16c rdrand lahf_lm abm ida arat epb xsaveopt pln pts dtherm tpr_shadow vnmi flexpriority ept vpid fsgsbase tsc_adjust bmi1 avx2 smep bmi2 erms invpcid
bogomips	: 4789.10
clflush size	: 64
cache_alignment	: 64
address sizes	: 39 bits physical, 48 bits virtual
power management:

processor	: 2
vendor_id	: GenuineIntel
cpu family	: 6
model		: 69
model name	: Intel(R) Core(TM) i5-4210U CPU @ 1.70GHz
stepping	: 1
microcode	: 0x17
cpu MHz		: 2400.000
cache size	: 3072 KB
physical id	: 0
siblings	: 4
core id		: 1
cpu cores	: 2
apicid		: 2
initial apicid	: 2
fpu		: yes
fpu_exception	: yes
cpuid level	: 13
wp		: yes
flags		: fpu vme de pse tsc msr pae mce cx8 apic sep mtrr pge mca cmov pat pse36 clflush dts acpi mmx fxsr sse sse2 ss ht tm pbe syscall nx pdpe1gb rdtscp lm constant_tsc arch_perfmon pebs bts rep_good nopl xtopology nonstop_tsc aperfmperf eagerfpu pni pclmulqdq dtes64 monitor ds_cpl vmx est tm2 ssse3 fma cx16 xtpr pdcm pcid sse4_1 sse4_2 movbe popcnt tsc_deadline_timer aes xsave avx f16c rdrand lahf_lm abm ida arat epb xsaveopt pln pts dtherm tpr_shadow vnmi flexpriority ept vpid fsgsbase tsc_adjust bmi1 avx2 smep bmi2 erms invpcid
bogomips	: 4789.10
clflush size	: 64
cache_alignment	: 64
address sizes	: 39 bits physical, 48 bits virtual
power management:

processor	: 3
vendor_id	: GenuineIntel
cpu family	: 6
model		: 69
model name	: Intel(R) Core(TM) i5-4210U CPU @ 1.70GHz
stepping	: 1
microcode	: 0x17
cpu MHz		: 2400.000
cache size	: 3072 KB
physical id	: 0
siblings	: 4
core id		: 1
cpu cores	: 2
apicid		: 3
initial apicid	: 3
fpu		: yes
fpu_exception	: yes
cpuid level	: 13
wp		: yes
flags		: fpu vme de pse tsc msr pae mce cx8 apic sep mtrr pge mca cmov pat pse36 clflush dts acpi mmx fxsr sse sse2 ss ht tm pbe syscall nx pdpe1gb rdtscp lm constant_tsc arch_perfmon pebs bts rep_good nopl xtopology nonstop_tsc aperfmperf eagerfpu pni pclmulqdq dtes64 monitor ds_cpl vmx est tm2 ssse3 fma cx16 xtpr pdcm pcid sse4_1 sse4_2 movbe popcnt tsc_deadline_timer aes xsave avx f16c rdrand lahf_lm abm ida arat epb xsaveopt pln pts dtherm tpr_shadow vnmi flexpriority ept vpid fsgsbase tsc_adjust bmi1 avx2 smep bmi2 erms invpcid
bogomips	: 4789.10
clflush size	: 64
cache_alignment	: 64
address sizes	: 39 bits physical, 48 bits virtual
power management:



Memory: 4k page, physical 8106996k(179740k free), swap 2929660k(472k free)

vm_info: Java HotSpot(TM) 64-Bit Server VM (25.31-b07) for linux-amd64 JRE (1.8.0_31-b13), built on Dec 17 2014 20:40:15 by "java_re" with gcc 4.3.0 20080428 (Red Hat 4.3.0-8)

time: Mon Feb 23 17:20:19 2015
elapsed time: 383 seconds (0d 0h 6m 23s)

